<?xml version="1.0" encoding="UTF-8"?>
<!-- Generated by org.testng.reporters.JUnitReportReporter -->
<testsuite skipped="0" hostname="LAPTOP-GTA19E4Q" name="ignoreTests.IgnoreTestsDemo" tests="3" failures="0" timestamp="2020-08-23T17:45:34 CEST" time="0.018" errors="0">
  <testcase name="test3" time="0.002" classname="ignoreTests.IgnoreTestsDemo"/>
  <system-out/>
  <testcase name="test1" time="0.013" classname="ignoreTests.IgnoreTestsDemo"/>
  <system-out/>
  <testcase name="test2" time="0.003" classname="ignoreTests.IgnoreTestsDemo"/>
  <system-out/>
</testsuite> <!-- ignoreTests.IgnoreTestsDemo -->
