<?xml version="1.0" encoding="UTF-8"?>
<!-- Generated by org.testng.reporters.JUnitReportReporter -->
<testsuite skipped="0" hostname="LAPTOP-GTA19E4Q" name="test.TestNGDemoWithPropertiesFile" tests="1" failures="0" timestamp="2020-08-22T21:48:59 CEST" time="10.296" errors="0">
  <testcase name="googleSearch" time="10.296" classname="test.TestNGDemoWithPropertiesFile"/>
  <system-out/>
</testsuite> <!-- test.TestNGDemoWithPropertiesFile -->
