<?xml version="1.0" encoding="UTF-8"?>
<!-- Generated by org.testng.reporters.JUnitReportReporter -->
<testsuite skipped="0" hostname="LAPTOP-GTA19E4Q" name="test.TestNGDemo" tests="1" failures="0" timestamp="2020-08-22T18:43:46 CEST" time="13.251" errors="0">
  <testcase name="googleSearch" time="13.251" classname="test.TestNGDemo"/>
  <system-out/>
</testsuite> <!-- test.TestNGDemo -->
