<?xml version="1.0" encoding="UTF-8"?>
<!-- Generated by org.testng.reporters.JUnitReportReporter -->
<testsuite skipped="0" hostname="LAPTOP-GTA19E4Q" name="utils.ExcelDataProvider" tests="3" failures="0" timestamp="2020-08-23T02:16:35 CEST" time="12.598" errors="0">
  <testcase name="test1" time="3.678" classname="utils.ExcelDataProvider"/>
  <system-out/>
  <testcase name="test1" time="3.761" classname="utils.ExcelDataProvider"/>
  <system-out/>
  <testcase name="test1" time="5.159" classname="utils.ExcelDataProvider"/>
  <system-out/>
</testsuite> <!-- utils.ExcelDataProvider -->
