<?xml version="1.0" encoding="UTF-8"?>
<!-- Generated by org.testng.reporters.JUnitReportReporter -->
<testsuite skipped="0" hostname="LAPTOP-GTA19E4Q" name="parameters.TestNgParameterDemo" tests="1" failures="0" timestamp="2020-08-23T16:54:08 CEST" time="0.015" errors="0">
  <testcase name="test1" time="0.015" classname="parameters.TestNgParameterDemo"/>
  <system-out/>
</testsuite> <!-- parameters.TestNgParameterDemo -->
