<?xml version="1.0" encoding="UTF-8"?>
<!-- Generated by org.testng.reporters.JUnitReportReporter -->
<testsuite skipped="0" hostname="LAPTOP-GTA19E4Q" name="multiBrowserInParallel.TestNGMultiBrowser" tests="2" failures="0" timestamp="2020-08-23T15:48:44 CEST" time="9.890" errors="0">
  <testcase name="test1" time="4.960" classname="multiBrowserInParallel.TestNGMultiBrowser"/>
  <system-out/>
  <testcase name="test1" time="4.930" classname="multiBrowserInParallel.TestNGMultiBrowser"/>
  <system-out/>
</testsuite> <!-- multiBrowserInParallel.TestNGMultiBrowser -->
