<?xml version="1.0" encoding="UTF-8"?>
<!-- Generated by org.testng.reporters.JUnitReportReporter -->
<testsuite skipped="0" hostname="LAPTOP-GTA19E4Q" name="dependencies.TestNGDependencyDemo" tests="3" failures="0" timestamp="2020-08-23T17:16:59 CEST" time="0.019" errors="0">
  <testcase name="test3" time="0.001" classname="dependencies.TestNGDependencyDemo"/>
  <system-out/>
  <testcase name="test1" time="0.008" classname="dependencies.TestNGDependencyDemo"/>
  <system-out/>
  <testcase name="test2" time="0.010" classname="dependencies.TestNGDependencyDemo"/>
  <system-out/>
</testsuite> <!-- dependencies.TestNGDependencyDemo -->
