<?xml version="1.0" encoding="UTF-8"?>
<!-- Generated by org.testng.reporters.JUnitReportReporter -->
<testsuite skipped="0" hostname="LAPTOP-GTA19E4Q" name="test.ExtentReportTestNGDemo" tests="2" failures="0" timestamp="2020-08-22T17:12:37 CEST" time="18.963" errors="0">
  <testcase name="testNg_One" time="9.801" classname="test.ExtentReportTestNGDemo"/>
  <system-out/>
  <testcase name="testNg_Two" time="9.162" classname="test.ExtentReportTestNGDemo"/>
  <system-out/>
</testsuite> <!-- test.ExtentReportTestNGDemo -->
