<?xml version="1.0" encoding="UTF-8"?>
<!-- Generated by org.testng.reporters.JUnitReportReporter -->
<testsuite skipped="0" hostname="LAPTOP-GTA19E4Q" name="groupsTestNg.TestNGGroupDemo" tests="2" failures="0" timestamp="2020-08-23T16:17:27 CEST" time="0.016" errors="0">
  <testcase name="test3" time="0.001" classname="groupsTestNg.TestNGGroupDemo"/>
  <system-out/>
  <testcase name="test2" time="0.015" classname="groupsTestNg.TestNGGroupDemo"/>
  <system-out/>
</testsuite> <!-- groupsTestNg.TestNGGroupDemo -->
