<?xml version="1.0" encoding="UTF-8"?>
<!-- Generated by org.testng.reporters.JUnitReportReporter -->
<testsuite skipped="0" hostname="LAPTOP-GTA19E4Q" name="priority.TestNGPriorityDemo" tests="3" failures="0" timestamp="2020-08-23T14:55:44 CEST" time="0.021" errors="0">
  <testcase name="test3" time="0.011" classname="priority.TestNGPriorityDemo"/>
  <system-out/>
  <testcase name="test1" time="0.001" classname="priority.TestNGPriorityDemo"/>
  <system-out/>
  <testcase name="test2" time="0.009" classname="priority.TestNGPriorityDemo"/>
  <system-out/>
</testsuite> <!-- priority.TestNGPriorityDemo -->
